2025-07-10 18:27:39,438 - src.pipeline_procesamiento - INFO - Pipeline inicializado correctamente
2025-07-10 18:27:39,439 - src.pipeline_procesamiento - INFO - === INICIANDO PIPELINE COMPLETO ===
2025-07-10 18:27:39,441 - src.pipeline_procesamiento - INFO - Validación de archivos de entrada completada
2025-07-10 18:27:39,441 - src.pipeline_procesamiento - INFO - Iniciando procesamiento de datos de papa
2025-07-10 18:27:39,497 - src.procesador_datos_papa - INFO - Procesando 21 hojas del archivo Excel
2025-07-10 18:27:40,230 - src.procesador_datos_papa - INFO - Procesamiento completado: 1260 registros
2025-07-10 18:27:40,235 - src.pipeline_procesamiento - INFO - Procesamiento de datos de papa completado
2025-07-10 18:27:40,239 - src.pipeline_procesamiento - INFO - Iniciando procesamiento de datos atmosféricos
2025-07-10 18:27:40,241 - src.procesador_datos_atmosfericos - INFO - Procesando 5 archivos CSV
2025-07-10 18:27:40,375 - src.procesador_datos_atmosfericos - INFO - Se procesaron exitosamente 5 de 5 archivos
2025-07-10 18:27:40,375 - src.pipeline_procesamiento - INFO - Procesamiento de datos atmosféricos completado
2025-07-10 18:27:40,375 - src.pipeline_procesamiento - INFO - Iniciando fusión de datos
2025-07-10 18:27:40,445 - src.merge_datos_papa_atmosfericos - INFO - Datos cargados - Clima: 1260 filas, Papa: 1260 filas
2025-07-10 18:27:40,458 - src.merge_datos_papa_atmosfericos - INFO - Fusión completada:
2025-07-10 18:27:40,459 - src.merge_datos_papa_atmosfericos - INFO -   - Filas originales: 1260
2025-07-10 18:27:40,460 - src.merge_datos_papa_atmosfericos - INFO -   - Filas fusionadas: 1260
2025-07-10 18:27:40,461 - src.merge_datos_papa_atmosfericos - INFO -   - Filas con datos climáticos: 1260
2025-07-10 18:27:40,464 - src.pipeline_procesamiento - INFO - Fusión completada
2025-07-10 18:27:40,464 - src.pipeline_procesamiento - INFO - === PIPELINE COMPLETADO EXITOSAMENTE ===
2025-07-10 18:27:40,465 - src.pipeline_procesamiento - INFO - Tiempo total: 0:00:01.024373
