2025-07-07 21:55:58,934 - src.PipelineProcesamiento - INFO - Pipeline inicializado correctamente
2025-07-07 21:55:58,936 - src.PipelineProcesamiento - INFO - === INICIANDO PIPELINE COMPLETO ===
2025-07-07 21:55:58,938 - src.PipelineProcesamiento - INFO - Validación de archivos de entrada completada
2025-07-07 21:55:58,939 - src.PipelineProcesamiento - INFO - Iniciando procesamiento de datos de papa
2025-07-07 21:55:58,971 - src.ProcesadorDatosPapa - INFO - Procesando 21 hojas del archivo Excel
2025-07-07 21:55:59,508 - src.ProcesadorDatosPapa - INFO - Procesamiento completado: 1260 registros
2025-07-07 21:55:59,510 - src.PipelineProcesamiento - INFO - Procesamiento de datos de papa completado
2025-07-07 21:55:59,512 - src.PipelineProcesamiento - INFO - Iniciando procesamiento de datos atmosféricos
2025-07-07 21:55:59,514 - src.ProcesadorDatosAtmosfericos - INFO - Procesando 5 archivos CSV
2025-07-07 21:55:59,565 - src.ProcesadorDatosAtmosfericos - INFO - Se procesaron exitosamente 5 de 5 archivos
2025-07-07 21:55:59,567 - src.PipelineProcesamiento - INFO - Procesamiento de datos atmosféricos completado
2025-07-07 21:55:59,568 - src.PipelineProcesamiento - INFO - Iniciando fusión de datos
2025-07-07 21:55:59,621 - src.MergeDatosPapaAtmosfericos - INFO - Datos cargados - Clima: 1260 filas, Papa: 1260 filas
2025-07-07 21:55:59,630 - src.MergeDatosPapaAtmosfericos - INFO - Fusión completada:
2025-07-07 21:55:59,632 - src.MergeDatosPapaAtmosfericos - INFO -   - Filas originales: 1260
2025-07-07 21:55:59,632 - src.MergeDatosPapaAtmosfericos - INFO -   - Filas fusionadas: 1260
2025-07-07 21:55:59,633 - src.MergeDatosPapaAtmosfericos - INFO -   - Filas con datos climáticos: 1260
2025-07-07 21:55:59,634 - src.PipelineProcesamiento - INFO - Fusión completada
2025-07-07 21:55:59,636 - src.PipelineProcesamiento - INFO - === PIPELINE COMPLETADO EXITOSAMENTE ===
2025-07-07 21:55:59,636 - src.PipelineProcesamiento - INFO - Tiempo total: 0:00:00.699264
